<html>
<body>
<pre>
<h1>µVision Build Log</h1>
<h2>Project:</h2>
C:\Users\Heather\Documents\Classes\CS472\Assignment 3\Lab3Questions.uvproj
Project File Date:  04/25/2014

<h2>Output:</h2>
Build target 'Target 1'
assembling lab3questions.s...
lab3questions.s(152): error: A1106E: Missing comma
lab3questions.s(153): error: A1106E: Missing comma
".\Lab3Questions.axf" - 2 Error(s), 0 Warning(s).
Target not created
b3Questions.axf" - 3 Error(s), 0 Warning(s).
Target not created
